[2014-09-24 10:23:11] START
[2014-09-26 10:25:20] EDIT jaat/models/db.py: 2
[2014-09-26 10:25:36] EDIT jaat/models/db.py: 0
[2014-09-26 10:25:39] EDIT jaat/models/db.py: 0
[2014-09-26 10:25:47] EDIT jaat/models/db.py: 0
[2014-10-17 11:38:12] CREATE file_struct.py: 0
[2014-10-17 11:38:17] EDIT jaat/modules/file_struct.py: 0
[2014-10-17 11:38:20] EDIT jaat/modules/file_struct.py: 0
[2014-10-17 11:41:32] EDIT jaat/modules/file_struct.py: 2
[2014-10-17 11:42:04] EDIT jaat/modules/file_struct.py: 2
[2014-10-17 11:42:06] EDIT jaat/modules/file_struct.py: 0
[2014-10-17 11:42:43] EDIT jaat/modules/file_struct.py: 1
[2014-10-17 11:42:57] EDIT jaat/modules/file_struct.py: 0
[2014-10-17 11:43:29] EDIT jaat/modules/file_struct.py: 2
[2014-10-17 11:43:44] EDIT jaat/modules/file_struct.py: 1
[2014-10-17 11:43:54] EDIT jaat/modules/file_struct.py: 2
[2014-10-17 11:43:56] EDIT jaat/modules/file_struct.py: 0
[2014-10-17 11:44:37] EDIT jaat/modules/file_struct.py: 0
[2014-10-17 11:45:30] EDIT jaat/modules/file_struct.py: 1
[2014-10-17 11:45:33] EDIT jaat/modules/file_struct.py: 1
[2014-10-17 11:46:18] EDIT jaat/modules/file_struct.py: 0
[2014-10-17 11:46:28] EDIT jaat/modules/file_struct.py: 0
[2014-10-17 11:47:42] EDIT jaat/modules/file_struct.py: 0
[2014-10-17 11:47:51] EDIT jaat/modules/file_struct.py: 0
[2014-10-17 11:49:33] EDIT jaat/modules/file_struct.py: 5
[2014-10-17 11:49:43] EDIT jaat/modules/file_struct.py: 0
[2014-10-18 19:02:05] EDIT jaat/controllers/default.py: 0
[2014-10-18 19:02:19] EDIT jaat/controllers/default.py: 0
[2014-10-18 19:02:23] EDIT jaat/controllers/default.py: -6
[2014-10-18 19:02:23] EDIT jaat/controllers/default.py: 0
[2014-10-18 19:02:23] EDIT jaat/controllers/default.py: 0
[2014-10-18 19:02:57] EDIT jaat/controllers/default.py: 1
[2014-10-18 19:03:05] EDIT jaat/controllers/default.py: 0
[2014-10-18 19:03:47] EDIT jaat/modules/file_struct.py: 0
[2014-10-18 19:04:18] EDIT jaat/modules/file_struct.py: 0
[2014-10-18 19:04:22] EDIT jaat/modules/file_struct.py: 0
[2014-10-18 19:04:25] EDIT jaat/modules/file_struct.py: 0
[2014-10-18 19:04:27] EDIT jaat/modules/file_struct.py: 0
[2014-10-18 19:04:43] EDIT jaat/controllers/default.py: 0
[2014-10-18 19:04:52] EDIT jaat/controllers/default.py: 1
[2014-10-18 19:05:24] EDIT jaat/controllers/default.py: 0
[2014-10-18 19:05:34] EDIT jaat/controllers/default.py: 0
[2014-10-18 19:05:55] EDIT jaat/modules/file_struct.py: 0
[2014-10-18 19:06:30] EDIT jaat/controllers/default.py: 0
[2014-10-18 19:06:33] EDIT jaat/modules/file_struct.py: 0
[2014-10-18 19:06:35] EDIT jaat/modules/file_struct.py: 0
[2014-10-18 19:06:36] EDIT jaat/modules/file_struct.py: 0
[2014-10-18 19:06:37] EDIT jaat/modules/file_struct.py: 0
[2014-10-18 19:07:24] EDIT jaat/modules/file_struct.py: 0
[2014-10-18 19:07:36] EDIT jaat/controllers/default.py: 0
[2014-10-18 19:07:42] EDIT jaat/controllers/default.py: 0
[2014-10-18 19:07:47] EDIT jaat/controllers/default.py: 0
[2014-10-18 19:07:55] EDIT jaat/controllers/default.py: 0
[2014-10-18 19:08:37] EDIT jaat/controllers/default.py: 0
[2014-10-18 19:08:41] EDIT jaat/controllers/default.py: 0
[2014-10-18 19:08:42] EDIT jaat/controllers/default.py: 0
[2014-10-18 19:08:44] EDIT jaat/controllers/default.py: 0
[2014-10-18 19:09:03] EDIT jaat/modules/file_struct.py: 0
[2014-10-18 19:09:05] EDIT jaat/modules/file_struct.py: 0
[2014-10-18 19:09:13] EDIT jaat/controllers/default.py: 0
[2014-10-18 19:09:16] EDIT jaat/controllers/default.py: 0
[2014-10-18 19:09:18] EDIT jaat/controllers/default.py: 0
[2014-10-18 19:09:20] EDIT jaat/controllers/default.py: 0
[2014-10-18 19:09:30] EDIT jaat/controllers/default.py: 0
[2014-10-18 19:09:41] EDIT jaat/modules/file_struct.py: 0
[2014-10-18 19:09:49] EDIT jaat/controllers/default.py: 0
[2014-10-18 19:09:55] EDIT jaat/controllers/default.py: 0
[2014-10-18 19:09:57] EDIT jaat/controllers/default.py: 0
[2014-10-18 19:09:58] EDIT jaat/controllers/default.py: 0
[2014-10-18 19:10:11] EDIT jaat/controllers/default.py: 0
[2014-10-18 19:10:37] EDIT jaat/modules/file_struct.py: 0
[2014-10-18 19:10:40] EDIT jaat/modules/file_struct.py: 0
[2014-10-18 19:10:46] EDIT jaat/modules/file_struct.py: 0
[2014-10-18 19:10:49] EDIT jaat/controllers/default.py: 0
[2014-10-18 19:11:03] EDIT jaat/controllers/default.py: -1
[2014-10-18 19:11:05] EDIT jaat/controllers/default.py: 0
[2014-10-18 19:11:26] EDIT jaat/modules/file_struct.py: 0
[2014-10-18 19:11:37] EDIT jaat/controllers/default.py: 0
[2014-10-18 19:11:50] EDIT jaat/modules/file_struct.py: 0
[2014-10-18 19:11:54] EDIT jaat/modules/file_struct.py: 0
[2014-10-18 19:12:00] EDIT jaat/modules/file_struct.py: 0
[2014-10-18 19:12:02] EDIT jaat/modules/file_struct.py: 0
[2014-10-18 19:12:13] EDIT jaat/modules/file_struct.py: 0
[2014-10-18 19:12:16] EDIT jaat/modules/file_struct.py: 0
[2014-10-18 19:12:18] EDIT jaat/modules/file_struct.py: 0
[2014-10-18 19:12:29] EDIT jaat/modules/file_struct.py: 1
[2014-10-18 19:12:40] EDIT jaat/modules/file_struct.py: 0
[2014-10-18 19:15:39] EDIT jaat/modules/file_struct.py: 1
[2014-10-18 19:16:01] EDIT jaat/modules/file_struct.py: 4
[2014-10-18 19:16:12] EDIT jaat/modules/file_struct.py: 0
[2014-10-18 19:16:26] EDIT jaat/modules/file_struct.py: 0
[2014-10-18 19:16:57] EDIT jaat/controllers/default.py: 0
[2014-10-18 19:17:12] EDIT jaat/controllers/default.py: 0
[2014-10-18 19:17:19] EDIT jaat/modules/file_struct.py: 0
[2014-10-18 19:18:02] EDIT jaat/modules/file_struct.py: 0
[2014-10-18 19:19:01] EDIT jaat/modules/file_struct.py: 0
[2014-10-18 19:19:15] EDIT jaat/modules/file_struct.py: 0
[2014-10-18 19:19:24] EDIT jaat/modules/file_struct.py: 0
[2014-10-18 19:19:32] EDIT jaat/modules/file_struct.py: 0
[2014-10-18 19:19:42] EDIT jaat/modules/file_struct.py: 0
[2014-10-18 19:21:21] EDIT jaat/modules/file_struct.py: 0
[2014-10-18 19:21:52] EDIT jaat/modules/file_struct.py: 3
[2014-10-18 19:21:52] EDIT jaat/modules/file_struct.py: 0
[2014-10-18 19:22:06] EDIT jaat/modules/file_struct.py: 0
[2014-10-18 19:22:09] EDIT jaat/modules/file_struct.py: 0
[2014-10-18 19:22:46] EDIT jaat/modules/file_struct.py: 1
[2014-10-18 19:27:25] EDIT jaat/modules/file_struct.py: 0
[2014-10-18 19:27:31] EDIT jaat/modules/file_struct.py: 0
[2014-10-18 19:27:31] EDIT jaat/modules/file_struct.py: 0
[2014-10-18 19:27:37] EDIT jaat/modules/file_struct.py: 0
[2014-10-18 19:27:41] EDIT jaat/modules/file_struct.py: 0
[2014-10-18 19:28:27] EDIT jaat/modules/file_struct.py: 0
[2014-10-18 19:28:30] EDIT jaat/modules/file_struct.py: 0
[2014-10-18 19:28:46] EDIT jaat/modules/file_struct.py: 1
[2014-10-18 19:28:49] EDIT jaat/modules/file_struct.py: -1
[2014-10-18 19:31:28] EDIT jaat/modules/file_struct.py: 1
[2014-10-18 19:31:31] EDIT jaat/modules/file_struct.py: 0
[2014-10-18 19:31:46] EDIT jaat/modules/file_struct.py: 1
[2014-10-18 19:31:47] EDIT jaat/modules/file_struct.py: 0
[2014-10-18 19:31:47] EDIT jaat/modules/file_struct.py: 0
[2014-10-18 19:32:29] EDIT jaat/modules/file_struct.py: -1
[2014-10-18 19:32:35] EDIT jaat/modules/file_struct.py: 0
[2014-10-18 19:32:55] EDIT jaat/modules/file_struct.py: 0
[2014-10-18 19:33:00] EDIT jaat/modules/file_struct.py: 1
[2014-10-18 19:33:50] EDIT jaat/modules/file_struct.py: -1
[2014-10-18 19:35:08] EDIT jaat/modules/file_struct.py: 0
[2014-10-18 19:59:59] EDIT jaat/controllers/default.py: 10
[2014-10-18 20:17:44] EDIT jaat/controllers/default.py: -9
[2014-10-18 20:32:46] EDIT jaat/controllers/default.py: 0
[2014-10-18 20:32:48] EDIT jaat/controllers/default.py: -1
[2014-10-18 20:33:26] EDIT jaat/controllers/default.py: 0
[2014-10-19 01:15:44] EDIT jaat/controllers/default.py: 0
[2014-10-19 01:16:15] EDIT jaat/modules/file_struct.py: 0
[2014-10-19 01:16:56] EDIT jaat/modules/file_struct.py: 0
[2014-10-19 01:17:40] EDIT jaat/modules/file_struct.py: 1
[2014-10-19 01:19:41] EDIT jaat/modules/file_struct.py: 0
[2014-10-19 01:21:37] EDIT jaat/modules/file_struct.py: 1
[2014-10-19 01:22:47] EDIT jaat/modules/file_struct.py: 0
[2014-10-19 01:23:23] EDIT jaat/modules/file_struct.py: 1
[2014-10-19 01:24:11] EDIT jaat/modules/file_struct.py: 0
[2014-10-19 01:24:14] EDIT jaat/modules/file_struct.py: 0
[2014-10-19 01:24:46] EDIT jaat/modules/file_struct.py: 1
[2014-10-19 01:24:47] EDIT jaat/modules/file_struct.py: 0
[2014-10-19 01:24:51] EDIT jaat/modules/file_struct.py: 0
[2014-10-19 01:24:58] EDIT jaat/modules/file_struct.py: 0
[2014-10-19 01:25:12] EDIT jaat/modules/file_struct.py: 1
[2014-10-19 01:25:26] EDIT jaat/modules/file_struct.py: 0
[2014-10-19 01:25:28] EDIT jaat/modules/file_struct.py: 0
[2014-10-19 01:25:35] EDIT jaat/modules/file_struct.py: -1
[2014-10-19 01:25:41] EDIT jaat/modules/file_struct.py: 0
[2014-10-19 01:26:17] EDIT jaat/modules/file_struct.py: 0
[2014-10-19 01:26:38] EDIT jaat/modules/file_struct.py: 1
[2014-10-19 01:31:27] EDIT jaat/modules/file_struct.py: 2
[2014-10-19 01:31:47] EDIT jaat/modules/file_struct.py: 0
[2014-10-19 01:33:06] EDIT jaat/modules/file_struct.py: -2
[2014-10-19 01:33:09] EDIT jaat/modules/file_struct.py: 0
[2014-10-19 01:34:09] EDIT jaat/modules/file_struct.py: 0
[2014-10-19 01:40:17] EDIT jaat/modules/file_struct.py: 2
[2014-10-19 01:40:50] EDIT jaat/modules/file_struct.py: 1
[2014-10-19 01:43:14] EDIT jaat/modules/file_struct.py: 1
[2014-10-19 01:43:19] EDIT jaat/modules/file_struct.py: 0
[2014-10-19 01:44:45] EDIT jaat/modules/file_struct.py: 0
[2014-10-19 01:45:29] EDIT jaat/modules/file_struct.py: 0
[2014-10-19 01:46:33] EDIT jaat/modules/file_struct.py: 0
[2014-10-19 01:46:39] EDIT jaat/modules/file_struct.py: 0
[2014-10-19 01:47:12] EDIT jaat/modules/file_struct.py: 0
[2014-10-19 01:47:18] EDIT jaat/modules/file_struct.py: 0
[2014-10-19 01:47:58] EDIT jaat/modules/file_struct.py: 0
[2014-10-19 01:48:13] EDIT jaat/modules/file_struct.py: 0
[2014-10-19 01:48:30] EDIT jaat/modules/file_struct.py: 0
[2014-10-19 01:48:41] EDIT jaat/modules/file_struct.py: 0
[2014-10-19 01:48:53] EDIT jaat/modules/file_struct.py: 0
[2014-10-19 01:49:07] EDIT jaat/modules/file_struct.py: 0
[2014-10-19 01:50:39] EDIT jaat/modules/file_struct.py: 0
[2014-10-19 01:56:28] EDIT jaat/modules/file_struct.py: -1
[2014-10-19 01:57:34] EDIT jaat/modules/file_struct.py: 1
[2014-10-19 01:58:01] EDIT jaat/modules/file_struct.py: 0
[2014-10-19 01:59:53] EDIT jaat/modules/file_struct.py: 8
[2014-10-19 02:00:05] EDIT jaat/modules/file_struct.py: 0
[2014-10-19 02:00:32] EDIT jaat/modules/file_struct.py: 2
[2014-10-19 02:00:51] EDIT jaat/modules/file_struct.py: 0
[2014-10-19 02:00:55] EDIT jaat/modules/file_struct.py: 0
[2014-10-19 02:00:57] EDIT jaat/modules/file_struct.py: 0
[2014-10-19 02:01:09] EDIT jaat/modules/file_struct.py: 0
[2014-10-19 02:01:34] EDIT jaat/modules/file_struct.py: 0
[2014-10-19 02:01:58] EDIT jaat/modules/file_struct.py: 0
[2014-10-19 02:04:07] EDIT jaat/modules/file_struct.py: 0
[2014-10-19 02:04:11] EDIT jaat/modules/file_struct.py: 0
[2014-10-19 02:04:21] EDIT jaat/modules/file_struct.py: 0
[2014-10-19 02:04:42] EDIT jaat/modules/file_struct.py: 0
[2014-10-19 02:05:00] EDIT jaat/modules/file_struct.py: 0
[2014-10-19 02:05:19] EDIT jaat/modules/file_struct.py: -1
[2014-10-19 02:05:31] EDIT jaat/modules/file_struct.py: 0
[2014-10-19 02:06:07] EDIT jaat/controllers/default.py: 0
[2014-10-19 02:06:14] EDIT jaat/controllers/default.py: 0
[2014-10-19 02:06:42] EDIT jaat/modules/file_struct.py: 1
